(33 . ".\\(?:\\(?:!\\|\\(?:==\\|=\\)\\)\\)") ;; !
(35 . ".\\(?:\\(?:[!(:={]\\|\\(?:#\\(?:##\\|#\\)\\|#\\)\\|\\?\\|\\[\\|\\(?:_(\\|_\\)\\)\\)") ;; #
(36 . ".\\(?:>\\)") ;; $
(37 . ".\\(?:%\\)") ;; %
(38 . ".\\(?:&\\)") ;; &
(42 . ".\\(?:\\(?:[/>]\\|\\(?:\\*\\*\\|\\*\\)\\)\\)") ;; *
(43 . ".\\(?:\\(?:\\(?:\\+\\+\\|\\+\\)\\|>\\)\\)") ;; +
(45 . ".\\(?:\\(?:[|~]\\|\\(?:-\\(?:-\\|>\\)\\|-\\)\\|\\(?:<<\\|<\\)\\|\\(?:>>\\|>\\)\\)\\)") ;; -
(46 . ".\\(?:\\(?:-\\|\\(?:\\.\\(?:\\.\\|<\\)\\|\\.\\)\\|=\\)\\)") ;; .
(47 . ".\\(?:\\(?:[>\]\\|\\*\\|\\(?://\\|/\\)\\|\\(?:==\\|=\\)\\)\\)") ;; /
(58 . ".\\(?:\\(?:[<=>]\\|\\(?:::\\|:\\)\\)\\)") ;; :
(59 . ".\\(?:;\\)") ;; ;
(60 . ".\\(?:\\(?:[:>]\\|!--\\|\\(?:\\$>\\|\\$\\)\\|\\(?:\\*>\\|\\*\\)\\|\\(?:\\+>\\|\\+\\)\\|\\(?:-\\(?:[<>|]\\|-\\)\\|-\\)\\|\\(?:/>\\|/\\)\\|\\(?:<\\(?:[<=]\\|-\\)\\|<\\)\\|\\(?:=\\(?:[<>|]\\|\\(?:=>\\|=\\)\\)\\|=\\)\\|\\(?:|\\(?:>\\|\\(?:||\\||\\)\\)\\||\\)\\|\\(?:~[>~]\\|~\\)\\)\\)") ;; <
(61 . ".\\(?:\\(?:!=\\|/=\\|:=\\|<<\\|\\(?:=[=>]\\|=\\)\\|\\(?:>>\\|>\\)\\)\\)") ;; =
(62 . ".\\(?:\\(?:\\(?:->\\|-\\)\\|:\\|\\(?:=>\\|=\\)\\|\\(?:>\\(?:[=>]\\|-\\)\\|>\\)\\)\\)") ;; >
(63 . ".\\(?:\\(?:[:=]\\|\\.\\|\\?\\)\\)") ;; ?
(70 . ".\\(?:l\\)") ;; F
(84 . ".\\(?:l\\)") ;; T
(91 . ".\\(?:\\(?::]\\||\\)\\)") ;; [
(92 . ".\\(?:[/\]\\)") ;; \
(94 . ".\\(?:=\\)") ;; ^
(95 . ".\\(?:\\(?:_\\||_\\)\\)") ;; _
(102 . ".\\(?:l\\)") ;; f
(119 . ".\\(?:ww\\)") ;; w
(123 . ".\\(?:|\\)") ;; {
(124 . ".\\(?:\\(?:[>}]\\|\\(?:->\\|-\\)\\|\\(?:=>\\|=\\)\\|]\\|\\(?:|\\(?:[=>]\\|-\\||>\\)\\||\\)\\)\\)") ;; |
(126 . ".\\(?:\\(?:[=>@]\\|-\\|\\(?:~>\\|~\\)\\)\\)") ;; ~
